{
  "stats": {
    "suites": 6,
    "tests": 7,
    "passes": 7,
    "pending": 0,
    "failures": 0,
    "testsRegistered": 7,
    "passPercent": 100,
    "pendingPercent": 0,
    "other": 0,
    "hasOther": false,
    "skipped": 0,
    "hasSkipped": false,
    "start": "2025-06-22T23:42:26.069Z",
    "end": "2025-06-22T23:42:37.813Z",
    "duration": 11744
  },
  "results": [
    {
      "uuid": "427f4590-fb8e-4965-9efc-bcf56ffbf949",
      "title": "",
      "fullFile": "cypress/e2e/auth/login-fixture.cy.js",
      "file": "cypress/e2e/auth/login-fixture.cy.js",
      "beforeHooks": [],
      "afterHooks": [],
      "tests": [],
      "suites": [
        {
          "uuid": "ac04428c-ef2c-446f-b995-dda5a90c8644",
          "title": "Login Flow with Fixture",
          "fullFile": "",
          "file": "",
          "beforeHooks": [],
          "afterHooks": [],
          "tests": [
            {
              "title": "logs in using fixture data",
              "fullTitle": "Login Flow with Fixture logs in using fixture data",
              "timedOut": null,
              "duration": 854,
              "state": "passed",
              "speed": "fast",
              "pass": true,
              "fail": false,
              "pending": false,
              "context": null,
              "code": "cy.fixture('user').then(user => {\n  cy.visit('/login');\n  cy.get('#email').type(user.email);\n  cy.get('#password').type(user.password);\n  cy.get('button[type=\"submit\"]').click();\n  cy.url().should('include', '/dashboard');\n});",
              "err": {},
              "uuid": "aa8473a7-1179-4e22-8fdc-4a7613b068dc",
              "parentUUID": "ac04428c-ef2c-446f-b995-dda5a90c8644",
              "isHook": false,
              "skipped": false
            }
          ],
          "suites": [],
          "passes": [
            "aa8473a7-1179-4e22-8fdc-4a7613b068dc"
          ],
          "failures": [],
          "pending": [],
          "skipped": [],
          "duration": 854,
          "root": false,
          "rootEmpty": false,
          "_timeout": 2000
        }
      ],
      "passes": [],
      "failures": [],
      "pending": [],
      "skipped": [],
      "duration": 0,
      "root": true,
      "rootEmpty": true,
      "_timeout": 2000
    },
    {
      "uuid": "39b8c195-db39-4785-a3a1-1ae0888db255",
      "title": "",
      "fullFile": "cypress/e2e/auth/login.cy.js",
      "file": "cypress/e2e/auth/login.cy.js",
      "beforeHooks": [],
      "afterHooks": [],
      "tests": [],
      "suites": [
        {
          "uuid": "33069bc1-4d90-4f9d-b393-7593bcf24526",
          "title": "Login Flow",
          "fullFile": "",
          "file": "",
          "beforeHooks": [],
          "afterHooks": [],
          "tests": [
            {
              "title": "logs in using custom command",
              "fullTitle": "Login Flow logs in using custom command",
              "timedOut": null,
              "duration": 818,
              "state": "passed",
              "speed": "fast",
              "pass": true,
              "fail": false,
              "pending": false,
              "context": null,
              "code": "cy.login();\ncy.url().should('include', '/dashboard');",
              "err": {},
              "uuid": "bfd6842f-5b4f-4bad-9ed2-8fd82637f403",
              "parentUUID": "33069bc1-4d90-4f9d-b393-7593bcf24526",
              "isHook": false,
              "skipped": false
            }
          ],
          "suites": [],
          "passes": [
            "bfd6842f-5b4f-4bad-9ed2-8fd82637f403"
          ],
          "failures": [],
          "pending": [],
          "skipped": [],
          "duration": 818,
          "root": false,
          "rootEmpty": false,
          "_timeout": 2000
        }
      ],
      "passes": [],
      "failures": [],
      "pending": [],
      "skipped": [],
      "duration": 0,
      "root": true,
      "rootEmpty": true,
      "_timeout": 2000
    },
    {
      "uuid": "1a58aac7-0f2c-4fc8-bb4e-4c49c4128a89",
      "title": "",
      "fullFile": "cypress/e2e/auth/session-login.cy.js",
      "file": "cypress/e2e/auth/session-login.cy.js",
      "beforeHooks": [],
      "afterHooks": [],
      "tests": [],
      "suites": [
        {
          "uuid": "827c7883-0c2b-4a36-a705-bc24110c43b9",
          "title": "Login with cy.session()",
          "fullFile": "",
          "file": "",
          "beforeHooks": [],
          "afterHooks": [],
          "tests": [
            {
              "title": "accesses the dashboard with session cache",
              "fullTitle": "Login with cy.session() accesses the dashboard with session cache",
              "timedOut": null,
              "duration": 1430,
              "state": "passed",
              "speed": "fast",
              "pass": true,
              "fail": false,
              "pending": false,
              "context": null,
              "code": "// Cypress restores the session automatically here\ncy.visit('/dashboard');\ncy.contains('Product Dashboard');",
              "err": {},
              "uuid": "99d0074b-765c-4843-af87-f127046d8783",
              "parentUUID": "827c7883-0c2b-4a36-a705-bc24110c43b9",
              "isHook": false,
              "skipped": false
            },
            {
              "title": "navigates to Add Product page using session",
              "fullTitle": "Login with cy.session() navigates to Add Product page using session",
              "timedOut": null,
              "duration": 60,
              "state": "passed",
              "speed": "fast",
              "pass": true,
              "fail": false,
              "pending": false,
              "context": null,
              "code": "cy.visit('/add-product');\ncy.contains('Add New Product');",
              "err": {},
              "uuid": "ca85f3d9-627b-440b-8210-7acacda4b2af",
              "parentUUID": "827c7883-0c2b-4a36-a705-bc24110c43b9",
              "isHook": false,
              "skipped": false
            }
          ],
          "suites": [],
          "passes": [
            "99d0074b-765c-4843-af87-f127046d8783",
            "ca85f3d9-627b-440b-8210-7acacda4b2af"
          ],
          "failures": [],
          "pending": [],
          "skipped": [],
          "duration": 1490,
          "root": false,
          "rootEmpty": false,
          "_timeout": 2000
        }
      ],
      "passes": [],
      "failures": [],
      "pending": [],
      "skipped": [],
      "duration": 0,
      "root": true,
      "rootEmpty": true,
      "_timeout": 2000
    },
    {
      "uuid": "8a303a9d-f38b-484f-89ad-0fe46d960d2a",
      "title": "",
      "fullFile": "cypress/e2e/dashboard/dashboard-flaky.cy.js",
      "file": "cypress/e2e/dashboard/dashboard-flaky.cy.js",
      "beforeHooks": [],
      "afterHooks": [],
      "tests": [],
      "suites": [
        {
          "uuid": "5f3ff5ad-8441-4acd-987d-de38856915da",
          "title": "Flaky Dashboard Test",
          "fullFile": "",
          "file": "",
          "beforeHooks": [],
          "afterHooks": [],
          "tests": [
            {
              "title": "waits correctly for product data to load",
              "fullTitle": "Flaky Dashboard Test waits correctly for product data to load",
              "timedOut": null,
              "duration": 1423,
              "state": "passed",
              "speed": "fast",
              "pass": true,
              "fail": false,
              "pending": false,
              "context": null,
              "code": "cy.visit('/dashboard');\n// Wait for the container and then assert\ncy.get('.products-list').should('contain', 'Notebook');",
              "err": {},
              "uuid": "2e114809-d4e8-46ba-a431-0ca117bf8fea",
              "parentUUID": "5f3ff5ad-8441-4acd-987d-de38856915da",
              "isHook": false,
              "skipped": false
            }
          ],
          "suites": [],
          "passes": [
            "2e114809-d4e8-46ba-a431-0ca117bf8fea"
          ],
          "failures": [],
          "pending": [],
          "skipped": [],
          "duration": 1423,
          "root": false,
          "rootEmpty": false,
          "_timeout": 2000
        }
      ],
      "passes": [],
      "failures": [],
      "pending": [],
      "skipped": [],
      "duration": 0,
      "root": true,
      "rootEmpty": true,
      "_timeout": 2000
    },
    {
      "uuid": "14a47106-f391-4de9-a595-4b5cc1ab40ff",
      "title": "",
      "fullFile": "cypress/e2e/dashboard/dashboard-intercept.cy.js",
      "file": "cypress/e2e/dashboard/dashboard-intercept.cy.js",
      "beforeHooks": [],
      "afterHooks": [],
      "tests": [],
      "suites": [
        {
          "uuid": "1c211314-f6c4-48ee-bb37-7b2bc8177cc1",
          "title": "Dashboard with Network Spy",
          "fullFile": "",
          "file": "",
          "beforeHooks": [],
          "afterHooks": [],
          "tests": [
            {
              "title": "logs in and confirms product list is visible",
              "fullTitle": "Dashboard with Network Spy logs in and confirms product list is visible",
              "timedOut": null,
              "duration": 1398,
              "state": "passed",
              "speed": "fast",
              "pass": true,
              "fail": false,
              "pending": false,
              "context": null,
              "code": "// Spy on GET requests to /api/products\n// Even though the app doesn’t make this request, we show how intercept syntax works\ncy.intercept('GET', '/api/products').as('getProducts');\n// Use our custom command from earlier to simulate login\ncy.login(); // sets localStorage and redirects to dashboard\n// Visit the dashboard page\ncy.visit('/dashboard');\n// The app loads data with a 500ms artificial delay, so we wait for the UI\ncy.wait(500);\n// Assert that the real, static product data is displayed\ncy.contains('Coffee Beans');\ncy.contains('Bluetooth Speaker');\ncy.contains('Notebook');\n// Add a log so learners know intercept was set up\ncy.log('Intercept was registered, even if not triggered.');",
              "err": {},
              "uuid": "c194c953-1a22-412d-8296-0f264694b6d6",
              "parentUUID": "1c211314-f6c4-48ee-bb37-7b2bc8177cc1",
              "isHook": false,
              "skipped": false
            }
          ],
          "suites": [],
          "passes": [
            "c194c953-1a22-412d-8296-0f264694b6d6"
          ],
          "failures": [],
          "pending": [],
          "skipped": [],
          "duration": 1398,
          "root": false,
          "rootEmpty": false,
          "_timeout": 2000
        }
      ],
      "passes": [],
      "failures": [],
      "pending": [],
      "skipped": [],
      "duration": 0,
      "root": true,
      "rootEmpty": true,
      "_timeout": 2000
    },
    {
      "uuid": "22f7d865-123d-483f-9598-ce8f6a4e679c",
      "title": "",
      "fullFile": "cypress/e2e/dashboard/product.cy.js",
      "file": "cypress/e2e/dashboard/product.cy.js",
      "beforeHooks": [],
      "afterHooks": [],
      "tests": [],
      "suites": [
        {
          "uuid": "24d505cd-61b6-43a9-9f8a-97ece227ba3e",
          "title": "Product Flow",
          "fullFile": "",
          "file": "",
          "beforeHooks": [],
          "afterHooks": [],
          "tests": [
            {
              "title": "adds a product using custom command",
              "fullTitle": "Product Flow adds a product using custom command",
              "timedOut": null,
              "duration": 2058,
              "state": "passed",
              "speed": "fast",
              "pass": true,
              "fail": false,
              "pending": false,
              "context": null,
              "code": "cy.login();\ncy.addProduct({\n  name: 'Test Widget',\n  price: '$99',\n  category: 'Tools'\n});\ncy.url().should('include', '/dashboard');",
              "err": {},
              "uuid": "e3a35cb4-69d0-48d6-bf06-c8f591c1447f",
              "parentUUID": "24d505cd-61b6-43a9-9f8a-97ece227ba3e",
              "isHook": false,
              "skipped": false
            }
          ],
          "suites": [],
          "passes": [
            "e3a35cb4-69d0-48d6-bf06-c8f591c1447f"
          ],
          "failures": [],
          "pending": [],
          "skipped": [],
          "duration": 2058,
          "root": false,
          "rootEmpty": false,
          "_timeout": 2000
        }
      ],
      "passes": [],
      "failures": [],
      "pending": [],
      "skipped": [],
      "duration": 0,
      "root": true,
      "rootEmpty": true,
      "_timeout": 2000
    }
  ],
  "meta": {
    "mocha": {
      "version": "7.2.0"
    },
    "mochawesome": {
      "options": {
        "quiet": false,
        "reportFilename": "mochawesome",
        "saveHtml": false,
        "saveJson": true,
        "consoleReporter": "spec",
        "useInlineDiffs": false,
        "code": true
      },
      "version": "7.1.3"
    },
    "marge": {
      "options": {
        "reportDir": "cypress/reports",
        "overwrite": false,
        "html": false,
        "json": true
      },
      "version": "6.2.0"
    }
  }
}